app/build/outputs/logs/manifest-merger-debug-report.txt
-- Merging decision tree log ---
manifest
ADDED from src\main\AndroidManifest.xml:16:1-137:12
	xmlns:android
		ADDED from src\main\AndroidManifest.xml:16:11-69
	package
		ADDED from src\main\AndroidManifest.xml:17:5-46
		INJECTED from src\main\AndroidManifest.xml
		INJECTED from src\main\AndroidManifest.xml
	android:versionName
		ADDED from src\main\AndroidManifest.xml:18:5-32
	android:versionCode
		ADDED from src\main\AndroidManifest.xml:19:5-30
		INJECTED from src\main\AndroidManifest.xml
		INJECTED from src\main\AndroidManifest.xml
	android:installLocation
		ADDED from src\main\AndroidManifest.xml:20:5-35
uses-permission#android.permission.CAMERA
ADDED from src\main\AndroidManifest.xml:22:5-65
	android:name
		ADDED from src\main\AndroidManifest.xml:22:22-62
uses-permission#android.permission.INTERNET
ADDED from src\main\AndroidManifest.xml:23:5-67
	android:name
		ADDED from src\main\AndroidManifest.xml:23:22-64
uses-permission#android.permission.VIBRATE
ADDED from src\main\AndroidManifest.xml:24:5-66
	android:name
		ADDED from src\main\AndroidManifest.xml:24:22-63
uses-permission#android.permission.FLASHLIGHT
ADDED from src\main\AndroidManifest.xml:25:5-69
	android:name
		ADDED from src\main\AndroidManifest.xml:25:22-66
uses-permission#android.permission.READ_CONTACTS
ADDED from src\main\AndroidManifest.xml:26:5-72
	android:name
		ADDED from src\main\AndroidManifest.xml:26:22-69
uses-permission#com.android.browser.permission.READ_HISTORY_BOOKMARKS
ADDED from src\main\AndroidManifest.xml:27:5-93
	android:name
		ADDED from src\main\AndroidManifest.xml:27:22-90
uses-permission#android.permission.WRITE_EXTERNAL_STORAGE
ADDED from src\main\AndroidManifest.xml:28:5-81
	android:name
		ADDED from src\main\AndroidManifest.xml:28:22-78
uses-permission#android.permission.CHANGE_WIFI_STATE
ADDED from src\main\AndroidManifest.xml:29:5-76
	android:name
		ADDED from src\main\AndroidManifest.xml:29:22-73
uses-permission#android.permission.ACCESS_WIFI_STATE
ADDED from src\main\AndroidManifest.xml:30:5-76
	android:name
		ADDED from src\main\AndroidManifest.xml:30:22-73
uses-sdk
ADDED from src\main\AndroidManifest.xml:32:5-34:41
	android:targetSdkVersion
		ADDED from src\main\AndroidManifest.xml:34:9-38
		INJECTED from src\main\AndroidManifest.xml
		INJECTED from src\main\AndroidManifest.xml
	android:minSdkVersion
		ADDED from src\main\AndroidManifest.xml:33:9-35
		INJECTED from src\main\AndroidManifest.xml
		INJECTED from src\main\AndroidManifest.xml
uses-feature#android.hardware.camera
ADDED from src\main\AndroidManifest.xml:37:5-39:36
	android:required
		ADDED from src\main\AndroidManifest.xml:39:9-33
	android:name
		ADDED from src\main\AndroidManifest.xml:38:9-47
uses-feature#android.hardware.camera.front
ADDED from src\main\AndroidManifest.xml:40:5-42:36
	android:required
		ADDED from src\main\AndroidManifest.xml:42:9-33
	android:name
		ADDED from src\main\AndroidManifest.xml:41:9-53
uses-feature#android.hardware.camera.autofocus
ADDED from src\main\AndroidManifest.xml:45:5-47:36
	android:required
		ADDED from src\main\AndroidManifest.xml:47:9-33
	android:name
		ADDED from src\main\AndroidManifest.xml:46:9-57
uses-feature#android.hardware.camera.flash
ADDED from src\main\AndroidManifest.xml:48:5-50:36
	android:required
		ADDED from src\main\AndroidManifest.xml:50:9-33
	android:name
		ADDED from src\main\AndroidManifest.xml:49:9-53
uses-feature#android.hardware.screen.landscape
ADDED from src\main\AndroidManifest.xml:51:5-70
	android:name
		ADDED from src\main\AndroidManifest.xml:51:19-67
uses-feature#android.hardware.wifi
ADDED from src\main\AndroidManifest.xml:52:5-54:36
	android:required
		ADDED from src\main\AndroidManifest.xml:54:9-33
	android:name
		ADDED from src\main\AndroidManifest.xml:53:9-45
uses-feature#android.hardware.touchscreen
ADDED from src\main\AndroidManifest.xml:56:5-65
	android:name
		ADDED from src\main\AndroidManifest.xml:56:19-62
supports-screens
ADDED from src\main\AndroidManifest.xml:59:5-64:37
	android:largeScreens
		ADDED from src\main\AndroidManifest.xml:61:9-36
	android:anyDensity
		ADDED from src\main\AndroidManifest.xml:64:9-34
	android:normalScreens
		ADDED from src\main\AndroidManifest.xml:62:9-37
	android:xlargeScreens
		ADDED from src\main\AndroidManifest.xml:60:9-37
	android:smallScreens
		ADDED from src\main\AndroidManifest.xml:63:9-36
application
ADDED from src\main\AndroidManifest.xml:66:5-135:19
	android:label
		ADDED from src\main\AndroidManifest.xml:69:9-41
	android:allowBackup
		ADDED from src\main\AndroidManifest.xml:70:9-35
	android:icon
		ADDED from src\main\AndroidManifest.xml:67:9-47
	android:logo
		ADDED from src\main\AndroidManifest.xml:68:9-47
activity#com.google.zxing.client.android.CaptureActivity
ADDED from src\main\AndroidManifest.xml:71:9-134:20
	android:windowSoftInputMode
		ADDED from src\main\AndroidManifest.xml:77:13-60
	android:screenOrientation
		ADDED from src\main\AndroidManifest.xml:73:13-49
	android:theme
		ADDED from src\main\AndroidManifest.xml:76:13-48
	android:stateNotNeeded
		ADDED from src\main\AndroidManifest.xml:75:13-42
	android:clearTaskOnLaunch
		ADDED from src\main\AndroidManifest.xml:74:13-45
	android:name
		ADDED from src\main\AndroidManifest.xml:72:13-44
intent-filter#android.intent.action.MAIN+android.intent.category.LAUNCHER
ADDED from src\main\AndroidManifest.xml:78:13-81:29
action#android.intent.action.MAIN
ADDED from src\main\AndroidManifest.xml:79:17-69
	android:name
		ADDED from src\main\AndroidManifest.xml:79:25-66
category#android.intent.category.LAUNCHER
ADDED from src\main\AndroidManifest.xml:80:17-77
	android:name
		ADDED from src\main\AndroidManifest.xml:80:27-74
intent-filter#android.intent.category.DEFAULT+com.google.zxing.client.android.SCAN
ADDED from src\main\AndroidManifest.xml:82:13-85:29
action#com.google.zxing.client.android.SCAN
ADDED from src\main\AndroidManifest.xml:83:17-79
	android:name
		ADDED from src\main\AndroidManifest.xml:83:25-76
category#android.intent.category.DEFAULT
ADDED from src\main\AndroidManifest.xml:84:17-76
	android:name
		ADDED from src\main\AndroidManifest.xml:84:27-73
intent-filter#android.intent.action.VIEW+android.intent.category.BROWSABLE+android.intent.category.DEFAULT
ADDED from src\main\AndroidManifest.xml:87:13-97:29
action#android.intent.action.VIEW
ADDED from src\main\AndroidManifest.xml:88:17-69
	android:name
		ADDED from src\main\AndroidManifest.xml:88:25-66
category#android.intent.category.BROWSABLE
ADDED from src\main\AndroidManifest.xml:91:17-78
	android:name
		ADDED from src\main\AndroidManifest.xml:91:27-75
data
ADDED from src\main\AndroidManifest.xml:93:17-96:44
	android:host
		ADDED from src\main\AndroidManifest.xml:95:21-53
	android:path
		ADDED from src\main\AndroidManifest.xml:96:21-41
	android:scheme
		ADDED from src\main\AndroidManifest.xml:94:21-42